Running: /opt/14.7/ISE_DS/ISE/bin/lin64/unwrapped/fuse -relaunch -intstyle "ise" -incremental -o "/media/yaozh16/00017DA30004166D/Academic/Grade3.1/CC/PRJ/MIPS16CPU/testEXE_isim_beh.exe" -prj "/media/yaozh16/00017DA30004166D/Academic/Grade3.1/CC/PRJ/MIPS16CPU/testEXE_beh.prj" "work.testEXE" 
ISim P.20131013 (signature 0xfbc00daa)
Number of CPUs detected in this system: 8
Turning on mult-threading, number of parallel sub-compilation jobs: 16 
Determining compilation order of HDL files
Parsing VHDL file "/media/yaozh16/00017DA30004166D/Academic/Grade3.1/CC/PRJ/MIPS16CPU/DEFINE.vhd" into library work
Parsing VHDL file "/media/yaozh16/00017DA30004166D/Academic/Grade3.1/CC/PRJ/MIPS16CPU/EXE.vhd" into library work
Parsing VHDL file "/media/yaozh16/00017DA30004166D/Academic/Grade3.1/CC/PRJ/MIPS16CPU/CustomTests/testEXE.vhd" into library work
Starting static elaboration
Completed static elaboration
Fuse Memory Usage: 103796 KB
Fuse CPU Usage: 950 ms
Compiling package standard
Compiling package std_logic_1164
Compiling package std_logic_arith
Compiling package std_logic_unsigned
Compiling package define
Compiling architecture behavioral of entity EXE [exe_default]
Compiling architecture behavior of entity testexe
Time Resolution for simulation is 1ps.
Waiting for 1 sub-compilation(s) to finish...
Compiled 8 VHDL Units
Built simulation executable /media/yaozh16/00017DA30004166D/Academic/Grade3.1/CC/PRJ/MIPS16CPU/testEXE_isim_beh.exe
Fuse Memory Usage: 1202472 KB
Fuse CPU Usage: 1000 ms
GCC CPU Usage: 90 ms
